<?xml version="1.0" encoding="UTF-8"?>
<testng-results ignored="0" total="2" passed="2" failed="0" skipped="0">
  <reporter-output>
  </reporter-output>
  <suite started-at="2024-07-31T15:56:36 CEST" name="Surefire suite" finished-at="2024-07-31T15:56:36 CEST" duration-ms="156">
    <groups>
    </groups>
    <test started-at="2024-07-31T15:56:36 CEST" name="Surefire test" finished-at="2024-07-31T15:56:36 CEST" duration-ms="156">
      <class name="com.test.AppTest">
        <test-method signature="testCapitalizeString()[pri:0, instance:com.test.AppTest@5d20e46]" started-at="2024-07-31T15:56:36 CEST" name="testCapitalizeString" finished-at="2024-07-31T15:56:36 CEST" duration-ms="7" status="PASS">
          <reporter-output>
          </reporter-output>
        </test-method> <!-- testCapitalizeString -->
        <test-method signature="testConvertToJson()[pri:0, instance:com.test.AppTest@5d20e46]" started-at="2024-07-31T15:56:36 CEST" name="testConvertToJson" finished-at="2024-07-31T15:56:36 CEST" duration-ms="126" status="PASS">
          <reporter-output>
          </reporter-output>
        </test-method> <!-- testConvertToJson -->
      </class> <!-- com.test.AppTest -->
    </test> <!-- Surefire test -->
  </suite> <!-- Surefire suite -->
</testng-results>
